[debug] [2020-11-13T01:40:52.096Z] ----------------------------------------------------------------------
[debug] [2020-11-13T01:40:52.099Z] Command:       C:\Program Files\nodejs\node.exe C:\Users\USUARIO\AppData\Roaming\npm\node_modules\firebase-tools\lib\bin\firebase.js login
[debug] [2020-11-13T01:40:52.100Z] CLI Version:   8.15.1
[debug] [2020-11-13T01:40:52.100Z] Platform:      win32
[debug] [2020-11-13T01:40:52.100Z] Node Version:  v12.9.1
[debug] [2020-11-13T01:40:52.102Z] Time:          Thu Nov 12 2020 20:40:52 GMT-0500 (GMT-05:00)
[debug] [2020-11-13T01:40:52.102Z] ----------------------------------------------------------------------
[debug] [2020-11-13T01:40:52.102Z] 
[info] i  Firebase optionally collects CLI usage and error reporting information to help improve our products. Data is collected in accordance with Google's privacy policy (https://policies.google.com/privacy) and is not used to identify you.
 
[info] i  To change your data collection preference at any time, run `firebase logout` and log in again. 
[info] 
[info] Visit this URL on this device to log in:
[info] https://accounts.google.com/o/oauth2/auth?client_id=563584335869-fgrhgmd47bqnekij5i8b5pr03ho849e6.apps.googleusercontent.com&scope=email%20openid%20https%3A%2F%2Fwww.googleapis.com%2Fauth%2Fcloudplatformprojects.readonly%20https%3A%2F%2Fwww.googleapis.com%2Fauth%2Ffirebase%20https%3A%2F%2Fwww.googleapis.com%2Fauth%2Fcloud-platform&response_type=code&state=472250647&redirect_uri=http%3A%2F%2Flocalhost%3A9005
[info] 
[info] Waiting for authentication...
[debug] [2020-11-13T01:40:54.859Z] Error: spawn cmd ENOENT
    at Process.ChildProcess._handle.onexit (internal/child_process.js:264:19)
    at onErrorNT (internal/child_process.js:456:16)
    at processTicksAndRejections (internal/process/task_queues.js:77:11)
[error] 
[error] Error: An unexpected error has occurred.
